<?xml version="1.0" encoding="UTF-8"?>
<!-- Generated by org.testng.reporters.JUnitXMLReporter -->
<testsuite ignored="2" hostname="LTIN509231" failures="0" tests="11" name="Test" time="120.465" errors="0" timestamp="2024-04-02T19:03:29 IST">
  <testcase classname="TestCases.WorldClock_tc" name="captureUserInfo" time="19.282"/>
  <testcase classname="TestCases.WorldClock_tc" name="validationOfWorldClock" time="2.153"/>
  <testcase classname="TestCases.WorldClock_tc" name="ValidationofCurretDateAndWeek" time="4.087"/>
  <testcase classname="TestCases.WorldClock_tc" name="ValidationOfBangaloreTime" time="7.072"/>
  <testcase classname="TestCases.WorldClock_tc" name="ValidationOfLondonTimeAndNewYorkTime" time="30.172"/>
  <testcase classname="TestCases.WorldClock_tc" name="validationOfTimeZoneDifferenceForLondon" time="0.045"/>
  <testcase classname="TestCases.WorldClock_tc" name="validationOfTimeZoneDifferenceForNewYork" time="0.047"/>
  <testcase classname="TestCases.WorldClock_tc" name="clickOnOneCognizant" time="5.235"/>
  <testcase classname="TestCases.WorldClock_tc" name="clickViewAllApps" time="10.166"/>
  <testcase classname="TestCases.WorldClock_tc" name="validationOfAtoZAlphabats" time="0.068"/>
  <testcase classname="TestCases.WorldClock_tc" name="getRandomAlphabatAppDetails" time="0.644"/>
  <testcase classname="TestBase.BaseClass" name="@BeforeTest setup" time="0.0">
    <ignored/>
  </testcase> <!-- @BeforeTest setup -->
  <testcase classname="TestBase.BaseClass" name="@AfterTest tearDown" time="0.0">
    <ignored/>
  </testcase> <!-- @AfterTest tearDown -->
</testsuite> <!-- Test -->
