<?xml version="1.0" encoding="UTF-8"?>
<testsuite xmlns:xsi="http://www.w3.org/2001/XMLSchema-instance" xsi:noNamespaceSchemaLocation="https://maven.apache.org/surefire/maven-surefire-plugin/xsd/surefire-test-report.xsd" name="TestSuite" time="237.431" tests="11" errors="0" skipped="0" failures="10">
  <properties>
[...]
</properties>
  <testcase name="captureUserInfo" classname="TestCases.WorldClock_tc" time="49.969">
    <failure message="no such element: Unable to locate element: {&quot;method&quot;:&quot;xpath&quot;,&quot;selector&quot;:&quot;//*[@id=&apos;mectrl_currentAccount_primary&apos;]&quot;}&#10;  (Session info: chrome=120.0.6099.130)&#10;For documentation on this error, please visit: https://www.selenium.dev/documentation/webdriver/troubleshooting/errors#no-such-element-exception&#10;Build info: version: &apos;4.18.1&apos;, revision: &apos;b1d3319b48&apos;&#10;System info: os.name: &apos;Windows 11&apos;, os.arch: &apos;amd64&apos;, os.version: &apos;10.0&apos;, java.version: &apos;17.0.10&apos;&#10;Driver info: org.openqa.selenium.chrome.ChromeDriver&#10;Command: [f3d2ed37dc644fb053e941242a6e2b15, findElement {using=xpath, value=//*[@id=&apos;mectrl_currentAccount_primary&apos;]}]&#10;Capabilities {acceptInsecureCerts: false, browserName: chrome, browserVersion: 120.0.6099.130, chrome: {chromedriverVersion: 120.0.6099.109 (3419140ab66..., userDataDir: C:\Windows\SystemTemp\scope...}, fedcm:accounts: true, goog:chromeOptions: {debuggerAddress: localhost:49257}, networkConnectionEnabled: false, pageLoadStrategy: normal, platformName: windows, proxy: Proxy(), se:cdp: ws://localhost:49257/devtoo..., se:cdpVersion: 120.0.6099.130, setWindowRect: true, strictFileInteractability: false, timeouts: {implicit: 0, pageLoad: 300000, script: 30000}, unhandledPromptBehavior: dismiss and notify, webauthn:extension:credBlob: true, webauthn:extension:largeBlob: true, webauthn:extension:minPinLength: true, webauthn:extension:prf: true, webauthn:virtualAuthenticators: true}&#10;Session ID: f3d2ed37dc644fb053e941242a6e2b15" type="org.openqa.selenium.NoSuchElementException">org.openqa.selenium.NoSuchElementException: 
no such element: Unable to locate element: {"method":"xpath","selector":"//*[@id='mectrl_currentAccount_primary']"}
  (Session info: chrome=120.0.6099.130)
For documentation on this error, please visit: https://www.selenium.dev/documentation/webdriver/troubleshooting/errors#no-such-element-exception
Build info: version: '4.18.1', revision: 'b1d3319b48'
System info: os.name: 'Windows 11', os.arch: 'amd64', os.version: '10.0', java.version: '17.0.10'
Driver info: org.openqa.selenium.chrome.ChromeDriver
Command: [f3d2ed37dc644fb053e941242a6e2b15, findElement {using=xpath, value=//*[@id='mectrl_currentAccount_primary']}]
Capabilities {acceptInsecureCerts: false, browserName: chrome, browserVersion: 120.0.6099.130, chrome: {chromedriverVersion: 120.0.6099.109 (3419140ab66..., userDataDir: C:\Windows\SystemTemp\scope...}, fedcm:accounts: true, goog:chromeOptions: {debuggerAddress: localhost:49257}, networkConnectionEnabled: false, pageLoadStrategy: normal, platformName: windows, proxy: Proxy(), se:cdp: ws://localhost:49257/devtoo..., se:cdpVersion: 120.0.6099.130, setWindowRect: true, strictFileInteractability: false, timeouts: {implicit: 0, pageLoad: 300000, script: 30000}, unhandledPromptBehavior: dismiss and notify, webauthn:extension:credBlob: true, webauthn:extension:largeBlob: true, webauthn:extension:minPinLength: true, webauthn:extension:prf: true, webauthn:virtualAuthenticators: true}
Session ID: f3d2ed37dc644fb053e941242a6e2b15
	at TestCases.WorldClock_tc.captureUserInfo(WorldClock_tc.java:31)
</failure>
  </testcase>
  <testcase name="validationOfWorldClock" classname="TestCases.WorldClock_tc" time="2.09"/>
  <testcase name="ValidationofCurretDateAndWeek" classname="TestCases.WorldClock_tc" time="4.158">
    <failure message="C:\Users\2327137\eclipse-workspace\CAS_Project_WorldClock\CAS_Project_WorldClock\testdata\CTSH.xlsx (The system cannot find the file specified)" type="java.io.FileNotFoundException">java.io.FileNotFoundException: C:\Users\2327137\eclipse-workspace\CAS_Project_WorldClock\CAS_Project_WorldClock\testdata\CTSH.xlsx (The system cannot find the file specified)
	at TestCases.WorldClock_tc.ValidationofCurretDateAndWeek(WorldClock_tc.java:57)
</failure>
    <system-out><![CDATA[
current date and week: Thursday,4/4/2024
System date and week: Thursday,4/4/2024
]]></system-out>
  </testcase>
  <testcase name="ValidationOfBangaloreTime" classname="TestCases.WorldClock_tc" time="4.084">
    <failure message="C:\Users\2327137\eclipse-workspace\CAS_Project_WorldClock\CAS_Project_WorldClock\testdata\CTSH.xlsx (The system cannot find the file specified)" type="java.io.FileNotFoundException">java.io.FileNotFoundException: C:\Users\2327137\eclipse-workspace\CAS_Project_WorldClock\CAS_Project_WorldClock\testdata\CTSH.xlsx (The system cannot find the file specified)
	at TestCases.WorldClock_tc.ValidationOfBangaloreTime(WorldClock_tc.java:71)
</failure>
    <system-out><![CDATA[
Time in Bangalore: 9:01
Time in System: 9:01
]]></system-out>
  </testcase>
  <testcase name="ValidationOfLondonTimeAndNewYorkTime" classname="TestCases.WorldClock_tc" time="15.125">
    <failure message="C:\Users\2327137\eclipse-workspace\CAS_Project_WorldClock\CAS_Project_WorldClock\testdata\CTSH.xlsx (The system cannot find the file specified)" type="java.io.FileNotFoundException">java.io.FileNotFoundException: C:\Users\2327137\eclipse-workspace\CAS_Project_WorldClock\CAS_Project_WorldClock\testdata\CTSH.xlsx (The system cannot find the file specified)
	at TestCases.WorldClock_tc.ValidationOfLondonTimeAndNewYorkTime(WorldClock_tc.java:108)
</failure>
    <system-out><![CDATA[
London Time : 4:31AM
NewYork time: 11:31PM

London time in google: 4:31AM
]]></system-out>
  </testcase>
  <testcase name="validationOfTimeZoneDifferenceForLondon" classname="TestCases.WorldClock_tc" time="0">
    <failure message="C:\Users\2327137\eclipse-workspace\CAS_Project_WorldClock\CAS_Project_WorldClock\testdata\CTSH.xlsx (The system cannot find the file specified)" type="java.io.FileNotFoundException">java.io.FileNotFoundException: C:\Users\2327137\eclipse-workspace\CAS_Project_WorldClock\CAS_Project_WorldClock\testdata\CTSH.xlsx (The system cannot find the file specified)
	at TestCases.WorldClock_tc.validationOfTimeZoneDifferenceForLondon(WorldClock_tc.java:143)
</failure>
  </testcase>
  <testcase name="validationOfTimeZoneDifferenceForNewYork" classname="TestCases.WorldClock_tc" time="0">
    <failure message="C:\Users\2327137\eclipse-workspace\CAS_Project_WorldClock\CAS_Project_WorldClock\testdata\CTSH.xlsx (The system cannot find the file specified)" type="java.io.FileNotFoundException">java.io.FileNotFoundException: C:\Users\2327137\eclipse-workspace\CAS_Project_WorldClock\CAS_Project_WorldClock\testdata\CTSH.xlsx (The system cannot find the file specified)
	at TestCases.WorldClock_tc.validationOfTimeZoneDifferenceForNewYork(WorldClock_tc.java:157)
</failure>
  </testcase>
  <testcase name="clickOnOneCognizant" classname="TestCases.WorldClock_tc" time="30.12">
    <failure message="no such element: Unable to locate element: {&quot;method&quot;:&quot;link text&quot;,&quot;selector&quot;:&quot;OneCognizant&quot;}&#10;  (Session info: chrome=120.0.6099.130)&#10;For documentation on this error, please visit: https://www.selenium.dev/documentation/webdriver/troubleshooting/errors#no-such-element-exception&#10;Build info: version: &apos;4.18.1&apos;, revision: &apos;b1d3319b48&apos;&#10;System info: os.name: &apos;Windows 11&apos;, os.arch: &apos;amd64&apos;, os.version: &apos;10.0&apos;, java.version: &apos;17.0.10&apos;&#10;Driver info: org.openqa.selenium.chrome.ChromeDriver&#10;Command: [f3d2ed37dc644fb053e941242a6e2b15, findElement {using=link text, value=OneCognizant}]&#10;Capabilities {acceptInsecureCerts: false, browserName: chrome, browserVersion: 120.0.6099.130, chrome: {chromedriverVersion: 120.0.6099.109 (3419140ab66..., userDataDir: C:\Windows\SystemTemp\scope...}, fedcm:accounts: true, goog:chromeOptions: {debuggerAddress: localhost:49257}, networkConnectionEnabled: false, pageLoadStrategy: normal, platformName: windows, proxy: Proxy(), se:cdp: ws://localhost:49257/devtoo..., se:cdpVersion: 120.0.6099.130, setWindowRect: true, strictFileInteractability: false, timeouts: {implicit: 0, pageLoad: 300000, script: 30000}, unhandledPromptBehavior: dismiss and notify, webauthn:extension:credBlob: true, webauthn:extension:largeBlob: true, webauthn:extension:minPinLength: true, webauthn:extension:prf: true, webauthn:virtualAuthenticators: true}&#10;Session ID: f3d2ed37dc644fb053e941242a6e2b15" type="org.openqa.selenium.NoSuchElementException">org.openqa.selenium.NoSuchElementException: 
no such element: Unable to locate element: {"method":"link text","selector":"OneCognizant"}
  (Session info: chrome=120.0.6099.130)
For documentation on this error, please visit: https://www.selenium.dev/documentation/webdriver/troubleshooting/errors#no-such-element-exception
Build info: version: '4.18.1', revision: 'b1d3319b48'
System info: os.name: 'Windows 11', os.arch: 'amd64', os.version: '10.0', java.version: '17.0.10'
Driver info: org.openqa.selenium.chrome.ChromeDriver
Command: [f3d2ed37dc644fb053e941242a6e2b15, findElement {using=link text, value=OneCognizant}]
Capabilities {acceptInsecureCerts: false, browserName: chrome, browserVersion: 120.0.6099.130, chrome: {chromedriverVersion: 120.0.6099.109 (3419140ab66..., userDataDir: C:\Windows\SystemTemp\scope...}, fedcm:accounts: true, goog:chromeOptions: {debuggerAddress: localhost:49257}, networkConnectionEnabled: false, pageLoadStrategy: normal, platformName: windows, proxy: Proxy(), se:cdp: ws://localhost:49257/devtoo..., se:cdpVersion: 120.0.6099.130, setWindowRect: true, strictFileInteractability: false, timeouts: {implicit: 0, pageLoad: 300000, script: 30000}, unhandledPromptBehavior: dismiss and notify, webauthn:extension:credBlob: true, webauthn:extension:largeBlob: true, webauthn:extension:minPinLength: true, webauthn:extension:prf: true, webauthn:virtualAuthenticators: true}
Session ID: f3d2ed37dc644fb053e941242a6e2b15
	at TestCases.WorldClock_tc.clickOnOneCognizant(WorldClock_tc.java:170)
</failure>
  </testcase>
  <testcase name="clickViewAllApps" classname="TestCases.WorldClock_tc" time="30.066">
    <failure message="no such element: Unable to locate element: {&quot;method&quot;:&quot;xpath&quot;,&quot;selector&quot;:&quot;//div[normalize-space()=&apos;View All Apps&apos;]&quot;}&#10;  (Session info: chrome=120.0.6099.130)&#10;For documentation on this error, please visit: https://www.selenium.dev/documentation/webdriver/troubleshooting/errors#no-such-element-exception&#10;Build info: version: &apos;4.18.1&apos;, revision: &apos;b1d3319b48&apos;&#10;System info: os.name: &apos;Windows 11&apos;, os.arch: &apos;amd64&apos;, os.version: &apos;10.0&apos;, java.version: &apos;17.0.10&apos;&#10;Driver info: org.openqa.selenium.chrome.ChromeDriver&#10;Command: [f3d2ed37dc644fb053e941242a6e2b15, findElement {using=xpath, value=//div[normalize-space()=&apos;View All Apps&apos;]}]&#10;Capabilities {acceptInsecureCerts: false, browserName: chrome, browserVersion: 120.0.6099.130, chrome: {chromedriverVersion: 120.0.6099.109 (3419140ab66..., userDataDir: C:\Windows\SystemTemp\scope...}, fedcm:accounts: true, goog:chromeOptions: {debuggerAddress: localhost:49257}, networkConnectionEnabled: false, pageLoadStrategy: normal, platformName: windows, proxy: Proxy(), se:cdp: ws://localhost:49257/devtoo..., se:cdpVersion: 120.0.6099.130, setWindowRect: true, strictFileInteractability: false, timeouts: {implicit: 0, pageLoad: 300000, script: 30000}, unhandledPromptBehavior: dismiss and notify, webauthn:extension:credBlob: true, webauthn:extension:largeBlob: true, webauthn:extension:minPinLength: true, webauthn:extension:prf: true, webauthn:virtualAuthenticators: true}&#10;Session ID: f3d2ed37dc644fb053e941242a6e2b15" type="org.openqa.selenium.NoSuchElementException">org.openqa.selenium.NoSuchElementException: 
no such element: Unable to locate element: {"method":"xpath","selector":"//div[normalize-space()='View All Apps']"}
  (Session info: chrome=120.0.6099.130)
For documentation on this error, please visit: https://www.selenium.dev/documentation/webdriver/troubleshooting/errors#no-such-element-exception
Build info: version: '4.18.1', revision: 'b1d3319b48'
System info: os.name: 'Windows 11', os.arch: 'amd64', os.version: '10.0', java.version: '17.0.10'
Driver info: org.openqa.selenium.chrome.ChromeDriver
Command: [f3d2ed37dc644fb053e941242a6e2b15, findElement {using=xpath, value=//div[normalize-space()='View All Apps']}]
Capabilities {acceptInsecureCerts: false, browserName: chrome, browserVersion: 120.0.6099.130, chrome: {chromedriverVersion: 120.0.6099.109 (3419140ab66..., userDataDir: C:\Windows\SystemTemp\scope...}, fedcm:accounts: true, goog:chromeOptions: {debuggerAddress: localhost:49257}, networkConnectionEnabled: false, pageLoadStrategy: normal, platformName: windows, proxy: Proxy(), se:cdp: ws://localhost:49257/devtoo..., se:cdpVersion: 120.0.6099.130, setWindowRect: true, strictFileInteractability: false, timeouts: {implicit: 0, pageLoad: 300000, script: 30000}, unhandledPromptBehavior: dismiss and notify, webauthn:extension:credBlob: true, webauthn:extension:largeBlob: true, webauthn:extension:minPinLength: true, webauthn:extension:prf: true, webauthn:virtualAuthenticators: true}
Session ID: f3d2ed37dc644fb053e941242a6e2b15
	at TestCases.WorldClock_tc.clickViewAllApps(WorldClock_tc.java:179)
</failure>
  </testcase>
  <testcase name="validationOfAtoZAlphabats" classname="TestCases.WorldClock_tc" time="0.001">
    <failure message="C:\Users\2327137\eclipse-workspace\CAS_Project_WorldClock\CAS_Project_WorldClock\testdata\CTSH.xlsx (The system cannot find the file specified)" type="java.io.FileNotFoundException">java.io.FileNotFoundException: C:\Users\2327137\eclipse-workspace\CAS_Project_WorldClock\CAS_Project_WorldClock\testdata\CTSH.xlsx (The system cannot find the file specified)
	at TestCases.WorldClock_tc.validationOfAtoZAlphabats(WorldClock_tc.java:190)
</failure>
  </testcase>
  <testcase name="getRandomAlphabatAppDetails" classname="TestCases.WorldClock_tc" time="60.049">
    <failure message="no such element: Unable to locate element: {&quot;method&quot;:&quot;xpath&quot;,&quot;selector&quot;:&quot;//div[@aria-label=&apos;Filter apps starts with alphabet G&apos;]&quot;}&#10;  (Session info: chrome=120.0.6099.130)&#10;For documentation on this error, please visit: https://www.selenium.dev/documentation/webdriver/troubleshooting/errors#no-such-element-exception&#10;Build info: version: &apos;4.18.1&apos;, revision: &apos;b1d3319b48&apos;&#10;System info: os.name: &apos;Windows 11&apos;, os.arch: &apos;amd64&apos;, os.version: &apos;10.0&apos;, java.version: &apos;17.0.10&apos;&#10;Driver info: org.openqa.selenium.chrome.ChromeDriver&#10;Command: [f3d2ed37dc644fb053e941242a6e2b15, findElement {using=xpath, value=//div[@aria-label=&apos;Filter apps starts with alphabet G&apos;]}]&#10;Capabilities {acceptInsecureCerts: false, browserName: chrome, browserVersion: 120.0.6099.130, chrome: {chromedriverVersion: 120.0.6099.109 (3419140ab66..., userDataDir: C:\Windows\SystemTemp\scope...}, fedcm:accounts: true, goog:chromeOptions: {debuggerAddress: localhost:49257}, networkConnectionEnabled: false, pageLoadStrategy: normal, platformName: windows, proxy: Proxy(), se:cdp: ws://localhost:49257/devtoo..., se:cdpVersion: 120.0.6099.130, setWindowRect: true, strictFileInteractability: false, timeouts: {implicit: 0, pageLoad: 300000, script: 30000}, unhandledPromptBehavior: dismiss and notify, webauthn:extension:credBlob: true, webauthn:extension:largeBlob: true, webauthn:extension:minPinLength: true, webauthn:extension:prf: true, webauthn:virtualAuthenticators: true}&#10;Session ID: f3d2ed37dc644fb053e941242a6e2b15" type="org.openqa.selenium.NoSuchElementException">org.openqa.selenium.NoSuchElementException: 
no such element: Unable to locate element: {"method":"xpath","selector":"//div[@aria-label='Filter apps starts with alphabet G']"}
  (Session info: chrome=120.0.6099.130)
For documentation on this error, please visit: https://www.selenium.dev/documentation/webdriver/troubleshooting/errors#no-such-element-exception
Build info: version: '4.18.1', revision: 'b1d3319b48'
System info: os.name: 'Windows 11', os.arch: 'amd64', os.version: '10.0', java.version: '17.0.10'
Driver info: org.openqa.selenium.chrome.ChromeDriver
Command: [f3d2ed37dc644fb053e941242a6e2b15, findElement {using=xpath, value=//div[@aria-label='Filter apps starts with alphabet G']}]
Capabilities {acceptInsecureCerts: false, browserName: chrome, browserVersion: 120.0.6099.130, chrome: {chromedriverVersion: 120.0.6099.109 (3419140ab66..., userDataDir: C:\Windows\SystemTemp\scope...}, fedcm:accounts: true, goog:chromeOptions: {debuggerAddress: localhost:49257}, networkConnectionEnabled: false, pageLoadStrategy: normal, platformName: windows, proxy: Proxy(), se:cdp: ws://localhost:49257/devtoo..., se:cdpVersion: 120.0.6099.130, setWindowRect: true, strictFileInteractability: false, timeouts: {implicit: 0, pageLoad: 300000, script: 30000}, unhandledPromptBehavior: dismiss and notify, webauthn:extension:credBlob: true, webauthn:extension:largeBlob: true, webauthn:extension:minPinLength: true, webauthn:extension:prf: true, webauthn:virtualAuthenticators: true}
Session ID: f3d2ed37dc644fb053e941242a6e2b15
	at TestCases.WorldClock_tc.getRandomAlphabatAppDetails(WorldClock_tc.java:206)
</failure>
    <system-out><![CDATA[
Total No. of Apps: 0
]]></system-out>
  </testcase>
</testsuite>